1694217250914	geckodriver	INFO	Listening on 127.0.0.1:8101
1694217253989	mozrunner::runner	INFO	Running command: "C:\\Program Files\\Mozilla Firefox\\firefox.exe" "--marionette" "--remote-debugging-port" "8102" "--remote-allow-hosts" "localhost" "-no-remote" "-profile" "C:\\Users\\max89\\AppData\\Local\\Temp\\rust_mozprofiley5g0q5"
1694217265772	geckodriver	INFO	Listening on 127.0.0.1:8157
1694217274931	geckodriver	INFO	Listening on 127.0.0.1:8178
1694217277998	mozrunner::runner	INFO	Running command: "C:\\Program Files\\Mozilla Firefox\\firefox.exe" "--marionette" "--remote-debugging-port" "8179" "--remote-allow-hosts" "localhost" "-no-remote" "-profile" "C:\\Users\\max89\\AppData\\Local\\Temp\\rust_mozprofile1QcwU8"
console.warn: services.settings: Ignoring preference override of remote settings server
console.warn: services.settings: Allow by setting MOZ_REMOTE_SETTINGS_DEVTOOLS=1 in the environment
1694217278193	Marionette	INFO	Marionette enabled
Dynamically enable window occlusion 0
1694217278234	Marionette	INFO	Listening on port 8186
WebDriver BiDi listening on ws://127.0.0.1:8179
Read port: 8186
1694217278355	RemoteAgent	WARN	TLS certificate errors will be ignored for this session
DevTools listening on ws://127.0.0.1:8179/devtools/browser/34dd03f0-88b2-4a35-b2ba-78a6f012342e
JavaScript warning: https://www.google.com/xjs/_/js/k=xjs.s.en_US.LV91GO7jYI8.O/am=CAAAAAAAAAAAAAAAAgCgfsIhgA0wQCAAAgAAIAiAQkEEAAwABB5lIjEAAAgAITABxOAeAEAJVQAAAAAAhP0AAAAAABAsAAIAAE0AA0KAAiAAAAAA8gAAPADAYMICAAAAAAAAAAAACLgEweCCBEBAAAQAAAAAAAAAAACoZPJiAAE/d=1/ed=1/dg=2/rs=ACT90oFjuEdmTRNQB-Bpy1Pi8PItpbugdQ/ee=cEt90b:ws9Tlc;qddgKe:x4FYXe,d7YSfd;yxTchf:KUM7Z;dtl0hd:lLQWFe;eHDfl:ofjVkb;qaS3gd:yiLg6e;nAFL3:NTMZac,s39S4;oGtAuc:sOXFj;iFQyKf:vfuNJf,QIhFr;SNUn3:ZwDk9d,x8cHvb;io8t5d:sgY6Zb;Oj465e:KG2eXe,KG2eXe;Erl4fe:FloWmf,FloWmf;JsbNhc:Xd8iUd;sP4Vbe:VwDzFe;kMFpHd:OTA3Ae;uY49fb:COQbmf;Pjplud:PoEs9b,EEDORb;QGR0gd:Mlhmy;a56pNe:JEfCwb;Me32dd:MEeYgc;wR5FRb:TtcOte,O1Gjze;pXdRYb:JKoKVe;dIoSBb:ZgGg9b;EmZ2Bf:zr1jrb;NSEoX:lazG7b;eBAeSb:Ck63tb;WCEKNd:I46Hvd;wV5Pjc:L8KGxe;EVNhjf:pw70Gc;sTsDMc:kHVSUb;wQlYve:aLUfP;zOsCQe:Ko78Df;KcokUb:KiuZBf;YV5bee:IvPZ6d;kbAm9d:MkHyGd;ZWEUA:afR4Cf;g8nkx:U4MzKc;lzgfYb:PI40bd;w9w86d:dt4g2b;GleZL:J1A7Od;bcPXSc:gSZLJb;JXS8fb:Qj0suc;IoGlCf:b5lhvb;VN6jIc:ddQyuf;vfVwPd:OXTqFb;ESrPQc:mNTJvc;qavrXe:zQzcXe,mYbt1d;pNsl2d:j9Yuyc;VGRfx:VFqbr;BjwMce:cXX2Wb;R9Ulx:CR7Ufe;kY7VAf:d91TEb;KpRAue:Tia57b;jY0zg:Q6tNgc;l8Azde:j4Ca9b;oSUNyd:fTfGO,fTfGO,vjQg0b;SMDL4c:fTfGO,vjQg0b;aZ61od:arTwJ;ZrFutb:W4Cdfc;K8vqCc:MyIcle;NPKaK:SdcwHb;LBgRLc:XVMNvd,SdcwHb;rQSrae:C6D5Fc;kCQyJ:ueyPK;KQzWid:mB4wNe;EABSZ:MXZt9d;TxfV6d:YORN0b;UDrY1c:eps46d;F9mqte:UoRcbe;Nyt6ic:jn2sGd;w3bZCb:ZPGaIb;G0KhTb:LIaoZ;aAJE9c:WHW6Ef;V2HTTe:RolTY;Wfmdue:g3MJlb;imqimf:jKGL2e;BgS6mb:fidj5d;UVmjEd:EesRsb;z97YGf:oug9te;AfeaP:TkrAjf;eBZ5Nd:audvde;CxXAWb:YyRLvc;SLtqO:Kh1xYe;tosKvd:ZCqP3;VOcgDe:YquhTb;uuQkY:u2V3ud;WDGyFe:jcVOxd;trZL0b:qY8PFe;VxQ32b:k0XsBb;DULqB:RKfG5c;Np8Qkd:Dpx6qc;cFTWae:gT8qnd;gaub4:TN6bMe;xBbsrc:NEW1Qc;DpcR3d:zL72xf;hjRo6e:F62sG;yGxLoc:FmAr0c;oUlnpc:RagDlc;R2kc8b:ALJqWb;pj82le:mg5CW;dLlj2:Qqt3Gf;qGV2uc:HHi04c;gtVSi:ekUOYd;UyG7Kb:wQd0G;LsNahb:ucGLNb;xbe2wc:uRMPBc;Q1Ow7b:x5CSu;okUaUd:wItadb;G6wU6e:hezEbd;uknmt:GkPrzb;PqHfGe:im2cZe;Fmv9Nc:O1Tzwc;hK67qb:QWEO5b;BMxAGc:E5bFse;R4IIIb:QWfeKf;whEZac:F4AmNb;tH4IIe:Ymry6;daB6be:lMxGPd;U96pRd:FsR04;LEikZe:byfTOb,lsjVmc/m=cdos,cr,hsm,jsa,mb4ZUb,d,csi,cEt90b,SNUn3,qddgKe,sTsDMc,dtl0hd,eHDfl, line 415: Script terminated by timeout at:
b@https://www.google.com/xjs/_/js/k=xjs.s.en_US.LV91GO7jYI8.O/am=CAAAAAAAAAAAAAAAAgCgfsIhgA0wQCAAAgAAIAiAQkEEAAwABB5lIjEAAAgAITABxOAeAEAJVQAAAAAAhP0AAAAAABAsAAIAAE0AA0KAAiAAAAAA8gAAPADAYMICAAAAAAAAAAAACLgEweCCBEBAAAQAAAAAAAAAAACoZPJiAAE/d=1/ed=1/dg=2/rs=ACT90oFjuEdmTRNQB-Bpy1Pi8PItpbugdQ/ee=cEt90b:ws9Tlc;qddgKe:x4FYXe,d7YSfd;yxTchf:KUM7Z;dtl0hd:lLQWFe;eHDfl:ofjVkb;qaS3gd:yiLg6e;nAFL3:NTMZac,s39S4;oGtAuc:sOXFj;iFQyKf:vfuNJf,QIhFr;SNUn3:ZwDk9d,x8cHvb;io8t5d:sgY6Zb;Oj465e:KG2eXe,KG2eXe;Erl4fe:FloWmf,FloWmf;JsbNhc:Xd8iUd;sP4Vbe:VwDzFe;kMFpHd:OTA3Ae;uY49fb:COQbmf;Pjplud:PoEs9b,EEDORb;QGR0gd:Mlhmy;a56pNe:JEfCwb;Me32dd:MEeYgc;wR5FRb:TtcOte,O1Gjze;pXdRYb:JKoKVe;dIoSBb:ZgGg9b;EmZ2Bf:zr1jrb;NSEoX:lazG7b;eBAeSb:Ck63tb;WCEKNd:I46Hvd;wV5Pjc:L8KGxe;EVNhjf:pw70Gc;sTsDMc:kHVSUb;wQlYve:aLUfP;zOsCQe:Ko78Df;KcokUb:KiuZBf;YV5bee:IvPZ6d;kbAm9d:MkHyGd;ZWEUA:afR4Cf;g8nkx:U4MzKc;lzgfYb:PI40bd;w9w86d:dt4g2b;GleZL:J1A7Od;bcPXSc:gSZLJb;JXS8fb:Qj0suc;IoGlCf:b5lhvb;VN6jIc:ddQyuf;vfVwPd:OXTqFb;ESrPQc:mNTJvc;qavrXe:zQzcXe,mYbt1d;pNsl2d:j9Yuyc;VGRfx:VFqbr;BjwMce:cXX2Wb;R9Ulx:CR7Ufe;kY7VAf:d91TEb;KpRAue:Tia57b;jY0zg:Q6tNgc;l8Azde:j4Ca9b;oSUNyd:fTfGO,fTfGO,vjQg0b;SMDL4c:fTfGO,vjQg0b;aZ61od:arTwJ;ZrFutb:W4Cdfc;K8vqCc:MyIcle;NPKaK:SdcwHb;LBgRLc:XVMNvd,SdcwHb;rQSrae:C6D5Fc;kCQyJ:ueyPK;KQzWid:mB4wNe;EABSZ:MXZt9d;TxfV6d:YORN0b;UDrY1c:eps46d;F9mqte:UoRcbe;Nyt6ic:jn2sGd;w3bZCb:ZPGaIb;G0KhTb:LIaoZ;aAJE9c:WHW6Ef;V2HTTe:RolTY;Wfmdue:g3MJlb;imqimf:jKGL2e;BgS6mb:fidj5d;UVmjEd:EesRsb;z97YGf:oug9te;AfeaP:TkrAjf;eBZ5Nd:audvde;CxXAWb:YyRLvc;SLtqO:Kh1xYe;tosKvd:ZCqP3;VOcgDe:YquhTb;uuQkY:u2V3ud;WDGyFe:jcVOxd;trZL0b:qY8PFe;VxQ32b:k0XsBb;DULqB:RKfG5c;Np8Qkd:Dpx6qc;cFTWae:gT8qnd;gaub4:TN6bMe;xBbsrc:NEW1Qc;DpcR3d:zL72xf;hjRo6e:F62sG;yGxLoc:FmAr0c;oUlnpc:RagDlc;R2kc8b:ALJqWb;pj82le:mg5CW;dLlj2:Qqt3Gf;qGV2uc:HHi04c;gtVSi:ekUOYd;UyG7Kb:wQd0G;LsNahb:ucGLNb;xbe2wc:uRMPBc;Q1Ow7b:x5CSu;okUaUd:wItadb;G6wU6e:hezEbd;uknmt:GkPrzb;PqHfGe:im2cZe;Fmv9Nc:O1Tzwc;hK67qb:QWEO5b;BMxAGc:E5bFse;R4IIIb:QWfeKf;whEZac:F4AmNb;tH4IIe:Ymry6;daB6be:lMxGPd;U96pRd:FsR04;LEikZe:byfTOb,lsjVmc/m=cdos,cr,hsm,jsa,mb4ZUb,d,csi,cEt90b,SNUn3,qddgKe,sTsDMc,dtl0hd,eHDfl:415:40

1694217285594	Marionette	INFO	Stopped listening on port 8186
Dynamically enable window occlusion 1
[Parent 16692, IPC I/O Parent] WARNING: DuplicateHandle failed for handle 0 in TransferHandles: file /builds/worker/checkouts/gecko/ipc/chromium/src/chrome/common/ipc_channel_win.cc:621
[GPU 1920, IPC I/O Child] WARNING: pipe error: 232: file /builds/worker/checkouts/gecko/ipc/chromium/src/chrome/common/ipc_channel_win.cc:443
[Parent 16692, IPC I/O Parent] WARNING: DuplicateHandle failed for handle 0 in TransferHandles: file /builds/worker/checkouts/gecko/ipc/chromium/src/chrome/common/ipc_channel_win.cc:621
[GPU 1920, IPC I/O Child] WARNING: pipe error: 232: file /builds/worker/checkouts/gecko/ipc/chromium/src/chrome/common/ipc_channel_win.cc:443
[Parent 16692, IPC I/O Parent] WARNING: DuplicateHandle failed for handle 0 in TransferHandles: file /builds/worker/checkouts/gecko/ipc/chromium/src/chrome/common/ipc_channel_win.cc:621
[GPU 1920, IPC I/O Child] WARNING: pipe error: 232: file /builds/worker/checkouts/gecko/ipc/chromium/src/chrome/common/ipc_channel_win.cc:443
[Parent 16692, IPC I/O Parent] WARNING: DuplicateHandle failed for handle 0 in TransferHandles: file /builds/worker/checkouts/gecko/ipc/chromium/src/chrome/common/ipc_channel_win.cc:621
[GPU 1920, IPC I/O Child] WARNING: pipe error: 232: file /builds/worker/checkouts/gecko/ipc/chromium/src/chrome/common/ipc_channel_win.cc:443
[Parent 16692, IPC I/O Parent] WARNING: DuplicateHandle failed for handle 0 in TransferHandles: file /builds/worker/checkouts/gecko/ipc/chromium/src/chrome/common/ipc_channel_win.cc:621
[GPU 1920, IPC I/O Child] WARNING: pipe error: 232: file /builds/worker/checkouts/gecko/ipc/chromium/src/chrome/common/ipc_channel_win.cc:443
